[2024-11-02T02:48:03.200+0000] {local_task_job_runner.py:123} INFO - ::group::Pre task execution logs
[2024-11-02T02:48:03.220+0000] {taskinstance.py:2612} INFO - Dependencies all met for dep_context=non-requeueable deps ti=<TaskInstance: predictive_maintenance_pipeline.get_metrics manual__2024-11-02T02:47:44.933934+00:00 [queued]>
[2024-11-02T02:48:03.231+0000] {taskinstance.py:2612} INFO - Dependencies all met for dep_context=requeueable deps ti=<TaskInstance: predictive_maintenance_pipeline.get_metrics manual__2024-11-02T02:47:44.933934+00:00 [queued]>
[2024-11-02T02:48:03.231+0000] {taskinstance.py:2865} INFO - Starting attempt 1 of 1
[2024-11-02T02:48:03.248+0000] {taskinstance.py:2888} INFO - Executing <Task(PythonOperator): get_metrics> on 2024-11-02 02:47:44.933934+00:00
[2024-11-02T02:48:03.254+0000] {warnings.py:112} WARNING - /home/***/.local/lib/python3.12/site-packages/***/task/task_runner/standard_task_runner.py:70: DeprecationWarning: This process (pid=222) is multi-threaded, use of fork() may lead to deadlocks in the child.
  pid = os.fork()

[2024-11-02T02:48:03.255+0000] {standard_task_runner.py:72} INFO - Started process 223 to run task
[2024-11-02T02:48:03.256+0000] {standard_task_runner.py:104} INFO - Running: ['***', 'tasks', 'run', 'predictive_maintenance_pipeline', 'get_metrics', 'manual__2024-11-02T02:47:44.933934+00:00', '--job-id', '38', '--raw', '--subdir', 'DAGS_FOLDER/mlops_version_py.py', '--cfg-path', '/tmp/tmpxemrr3ca']
[2024-11-02T02:48:03.257+0000] {standard_task_runner.py:105} INFO - Job 38: Subtask get_metrics
[2024-11-02T02:48:03.316+0000] {task_command.py:467} INFO - Running <TaskInstance: predictive_maintenance_pipeline.get_metrics manual__2024-11-02T02:47:44.933934+00:00 [running]> on host 1dda86545537
[2024-11-02T02:48:03.410+0000] {taskinstance.py:3131} INFO - Exporting env vars: AIRFLOW_CTX_DAG_OWNER='***' AIRFLOW_CTX_DAG_ID='predictive_maintenance_pipeline' AIRFLOW_CTX_TASK_ID='get_metrics' AIRFLOW_CTX_EXECUTION_DATE='2024-11-02T02:47:44.933934+00:00' AIRFLOW_CTX_TRY_NUMBER='1' AIRFLOW_CTX_DAG_RUN_ID='manual__2024-11-02T02:47:44.933934+00:00'
[2024-11-02T02:48:03.412+0000] {taskinstance.py:731} INFO - ::endgroup::
[2024-11-02T02:48:04.368+0000] {logging_mixin.py:190} INFO -               precision    recall  f1-score   support

           0       0.98      1.00      0.99      1843
           1       0.95      0.51      0.67        78

    accuracy                           0.98      1921
   macro avg       0.97      0.76      0.83      1921
weighted avg       0.98      0.98      0.98      1921
[2024-11-02T02:48:04.369+0000] {python.py:240} INFO - Done. Returned value was: None
[2024-11-02T02:48:04.378+0000] {taskinstance.py:340} INFO - ::group::Post task execution logs
[2024-11-02T02:48:04.378+0000] {taskinstance.py:352} INFO - Marking task as SUCCESS. dag_id=predictive_maintenance_pipeline, task_id=get_metrics, run_id=manual__2024-11-02T02:47:44.933934+00:00, execution_date=20241102T024744, start_date=20241102T024803, end_date=20241102T024804
[2024-11-02T02:48:04.428+0000] {local_task_job_runner.py:266} INFO - Task exited with return code 0
[2024-11-02T02:48:04.446+0000] {taskinstance.py:3900} INFO - 0 downstream tasks scheduled from follow-on schedule check
[2024-11-02T02:48:04.452+0000] {local_task_job_runner.py:245} INFO - ::endgroup::
