[2024-11-02T02:47:03.057+0000] {local_task_job_runner.py:123} INFO - ::group::Pre task execution logs
[2024-11-02T02:47:03.081+0000] {taskinstance.py:2612} INFO - Dependencies all met for dep_context=non-requeueable deps ti=<TaskInstance: predictive_maintenance_pipeline.get_metrics manual__2024-11-02T02:46:41.499581+00:00 [queued]>
[2024-11-02T02:47:03.091+0000] {taskinstance.py:2612} INFO - Dependencies all met for dep_context=requeueable deps ti=<TaskInstance: predictive_maintenance_pipeline.get_metrics manual__2024-11-02T02:46:41.499581+00:00 [queued]>
[2024-11-02T02:47:03.091+0000] {taskinstance.py:2865} INFO - Starting attempt 1 of 1
[2024-11-02T02:47:03.108+0000] {taskinstance.py:2888} INFO - Executing <Task(PythonOperator): get_metrics> on 2024-11-02 02:46:41.499581+00:00
[2024-11-02T02:47:03.115+0000] {warnings.py:112} WARNING - /home/***/.local/lib/python3.12/site-packages/***/task/task_runner/standard_task_runner.py:70: DeprecationWarning: This process (pid=106) is multi-threaded, use of fork() may lead to deadlocks in the child.
  pid = os.fork()

[2024-11-02T02:47:03.116+0000] {standard_task_runner.py:72} INFO - Started process 107 to run task
[2024-11-02T02:47:03.118+0000] {standard_task_runner.py:104} INFO - Running: ['***', 'tasks', 'run', 'predictive_maintenance_pipeline', 'get_metrics', 'manual__2024-11-02T02:46:41.499581+00:00', '--job-id', '30', '--raw', '--subdir', 'DAGS_FOLDER/mlops_version_py.py', '--cfg-path', '/tmp/tmpkb4buzfm']
[2024-11-02T02:47:03.118+0000] {standard_task_runner.py:105} INFO - Job 30: Subtask get_metrics
[2024-11-02T02:47:03.165+0000] {task_command.py:467} INFO - Running <TaskInstance: predictive_maintenance_pipeline.get_metrics manual__2024-11-02T02:46:41.499581+00:00 [running]> on host 1dda86545537
[2024-11-02T02:47:03.243+0000] {taskinstance.py:3131} INFO - Exporting env vars: AIRFLOW_CTX_DAG_OWNER='***' AIRFLOW_CTX_DAG_ID='predictive_maintenance_pipeline' AIRFLOW_CTX_TASK_ID='get_metrics' AIRFLOW_CTX_EXECUTION_DATE='2024-11-02T02:46:41.499581+00:00' AIRFLOW_CTX_TRY_NUMBER='1' AIRFLOW_CTX_DAG_RUN_ID='manual__2024-11-02T02:46:41.499581+00:00'
[2024-11-02T02:47:03.244+0000] {taskinstance.py:731} INFO - ::endgroup::
[2024-11-02T02:47:04.144+0000] {logging_mixin.py:190} INFO -               precision    recall  f1-score   support

           0       0.98      1.00      0.99      1843
           1       0.95      0.51      0.67        78

    accuracy                           0.98      1921
   macro avg       0.97      0.76      0.83      1921
weighted avg       0.98      0.98      0.98      1921
[2024-11-02T02:47:04.144+0000] {python.py:240} INFO - Done. Returned value was: None
[2024-11-02T02:47:04.154+0000] {taskinstance.py:340} INFO - ::group::Post task execution logs
[2024-11-02T02:47:04.154+0000] {taskinstance.py:352} INFO - Marking task as SUCCESS. dag_id=predictive_maintenance_pipeline, task_id=get_metrics, run_id=manual__2024-11-02T02:46:41.499581+00:00, execution_date=20241102T024641, start_date=20241102T024703, end_date=20241102T024704
[2024-11-02T02:47:04.215+0000] {local_task_job_runner.py:266} INFO - Task exited with return code 0
[2024-11-02T02:47:04.230+0000] {taskinstance.py:3900} INFO - 0 downstream tasks scheduled from follow-on schedule check
[2024-11-02T02:47:04.235+0000] {local_task_job_runner.py:245} INFO - ::endgroup::
