[2024-11-02T02:46:46.022+0000] {local_task_job_runner.py:123} INFO - ::group::Pre task execution logs
[2024-11-02T02:46:46.045+0000] {taskinstance.py:2612} INFO - Dependencies all met for dep_context=non-requeueable deps ti=<TaskInstance: predictive_maintenance_pipeline.prepare_data_train manual__2024-11-02T02:46:41.499581+00:00 [queued]>
[2024-11-02T02:46:46.057+0000] {taskinstance.py:2612} INFO - Dependencies all met for dep_context=requeueable deps ti=<TaskInstance: predictive_maintenance_pipeline.prepare_data_train manual__2024-11-02T02:46:41.499581+00:00 [queued]>
[2024-11-02T02:46:46.057+0000] {taskinstance.py:2865} INFO - Starting attempt 1 of 1
[2024-11-02T02:46:46.075+0000] {taskinstance.py:2888} INFO - Executing <Task(PythonOperator): prepare_data_train> on 2024-11-02 02:46:41.499581+00:00
[2024-11-02T02:46:46.093+0000] {standard_task_runner.py:104} INFO - Running: ['***', 'tasks', 'run', 'predictive_maintenance_pipeline', 'prepare_data_train', 'manual__2024-11-02T02:46:41.499581+00:00', '--job-id', '26', '--raw', '--subdir', 'DAGS_FOLDER/mlops_version_py.py', '--cfg-path', '/tmp/tmpq6aj_2hd']
[2024-11-02T02:46:46.092+0000] {warnings.py:112} WARNING - /home/***/.local/lib/python3.12/site-packages/***/task/task_runner/standard_task_runner.py:70: DeprecationWarning: This process (pid=55) is multi-threaded, use of fork() may lead to deadlocks in the child.
  pid = os.fork()

[2024-11-02T02:46:46.095+0000] {standard_task_runner.py:105} INFO - Job 26: Subtask prepare_data_train
[2024-11-02T02:46:46.095+0000] {standard_task_runner.py:72} INFO - Started process 56 to run task
[2024-11-02T02:46:46.165+0000] {task_command.py:467} INFO - Running <TaskInstance: predictive_maintenance_pipeline.prepare_data_train manual__2024-11-02T02:46:41.499581+00:00 [running]> on host 1dda86545537
[2024-11-02T02:46:46.273+0000] {taskinstance.py:3131} INFO - Exporting env vars: AIRFLOW_CTX_DAG_OWNER='***' AIRFLOW_CTX_DAG_ID='predictive_maintenance_pipeline' AIRFLOW_CTX_TASK_ID='prepare_data_train' AIRFLOW_CTX_EXECUTION_DATE='2024-11-02T02:46:41.499581+00:00' AIRFLOW_CTX_TRY_NUMBER='1' AIRFLOW_CTX_DAG_RUN_ID='manual__2024-11-02T02:46:41.499581+00:00'
[2024-11-02T02:46:46.275+0000] {taskinstance.py:731} INFO - ::endgroup::
[2024-11-02T02:46:49.882+0000] {logging_mixin.py:190} INFO - /opt/***
[2024-11-02T02:46:50.013+0000] {logging_mixin.py:190} INFO - Data extracted!
[2024-11-02T02:46:50.179+0000] {logging_mixin.py:190} INFO - Outliers removed
[2024-11-02T02:46:50.200+0000] {logging_mixin.py:190} INFO - Dataset padronized
[2024-11-02T02:46:50.355+0000] {python.py:240} INFO - Done. Returned value was: None
[2024-11-02T02:46:50.369+0000] {taskinstance.py:340} INFO - ::group::Post task execution logs
[2024-11-02T02:46:50.370+0000] {taskinstance.py:352} INFO - Marking task as SUCCESS. dag_id=predictive_maintenance_pipeline, task_id=prepare_data_train, run_id=manual__2024-11-02T02:46:41.499581+00:00, execution_date=20241102T024641, start_date=20241102T024646, end_date=20241102T024650
[2024-11-02T02:46:50.412+0000] {local_task_job_runner.py:266} INFO - Task exited with return code 0
[2024-11-02T02:46:50.442+0000] {taskinstance.py:3900} INFO - 1 downstream tasks scheduled from follow-on schedule check
[2024-11-02T02:46:50.447+0000] {local_task_job_runner.py:245} INFO - ::endgroup::
